<?xml version="1.0" encoding="UTF-8"?>
<testsuite name="Ingresar_a_exito_com__seleccionar_categor_a_y_subcategor_as_y_escoger_10_productos_de_forma_aleatoria" tests="1" skipped="0" failures="1" errors="0" timestamp="2023-08-05T13:48:53" hostname="DDEJUANES" time="159.424">
  <properties/>
  <testcase name="Seleccionar_5_productos_y_verificar_en_el_carrito_de_compras_nombre__cantidad__total" classname="Ingresar_a_exito_com__seleccionar_categor_a_y_subcategor_as_y_escoger_10_productos_de_forma_aleatoria" time="159.424">
    <failure message="java.lang.AssertionError: &#10;Expected: an element that is present&#10;     but: no matching element found by [Boton Agregar al Carrito located with: //div[contains(@class,'productSummaryBuyButtonProductDetail')]//span[text()='Agregar']] was not present" type="java.lang.AssertionError">java.lang.AssertionError: 
Expected: an element that is present
     but: no matching element found by [Boton Agregar al Carrito located with: //div[contains(@class,'productSummaryBuyButtonProductDetail')]//span[text()='Agregar']] was not present
	at net.serenitybdd.screenplay.ErrorTally.throwSummaryExceptionFrom(ErrorTally.java:38)
	at net.serenitybdd.screenplay.ErrorTally.reportAnyErrors(ErrorTally.java:32)
	at net.serenitybdd.screenplay.Actor.should(Actor.java:395)
	at net.serenitybdd.screenplay.waits.WaitUntilTargetIsReady.performAs(WaitUntilTargetIsReady.java:30)
	at net.serenitybdd.screenplay.waits.WaitUntilTargetIsReady$ByteBuddy$OenuH0um.performAs$accessor$i2r1xWGC(Unknown Source)
	at sun.reflect.GeneratedMethodAccessor56.invoke(Unknown Source)
	at sun.reflect.DelegatingMethodAccessorImpl.invoke(DelegatingMethodAccessorImpl.java:43)
	at java.lang.reflect.Method.invoke(Method.java:498)
	at net.thucydides.core.steps.StepInterceptor.invokeMethod(StepInterceptor.java:518)
	at net.thucydides.core.steps.StepInterceptor.runBaseObjectMethod(StepInterceptor.java:412)
	at net.thucydides.core.steps.StepInterceptor.intercept(StepInterceptor.java:84)
	at net.thucydides.core.steps.ProxyConfiguration$InterceptorDispatcher.intercept(ProxyConfiguration.java:51)
	at net.serenitybdd.screenplay.waits.WaitUntilTargetIsReady$ByteBuddy$OenuH0um.performAs(Unknown Source)
	at net.serenitybdd.screenplay.Actor.performTask(Actor.java:296)
	at net.serenitybdd.screenplay.Actor.perform(Actor.java:275)
	at net.serenitybdd.screenplay.Actor.performSilently(Actor.java:254)
	at net.serenitybdd.screenplay.Actor.attemptsTo(Actor.java:211)
	at net.serenitybdd.screenplay.Actor.attemptsTo(Actor.java:222)
	at org.exito.com.tasks.AgregarAlCarritoYSeleccionarUnidades.performAs(AgregarAlCarritoYSeleccionarUnidades.java:46)
	at org.exito.com.tasks.AgregarAlCarritoYSeleccionarUnidades$ByteBuddy$HlcUq42u.performAs$accessor$irEl6InC(Unknown Source)
	at sun.reflect.NativeMethodAccessorImpl.invoke0(Native Method)
	at sun.reflect.NativeMethodAccessorImpl.invoke(NativeMethodAccessorImpl.java:62)
	at sun.reflect.DelegatingMethodAccessorImpl.invoke(DelegatingMethodAccessorImpl.java:43)
	at java.lang.reflect.Method.invoke(Method.java:498)
	at net.thucydides.core.steps.StepInterceptor.invokeMethod(StepInterceptor.java:518)
	at net.thucydides.core.steps.StepInterceptor.executeTestStepMethod(StepInterceptor.java:498)
	at net.thucydides.core.steps.StepInterceptor.runTestStep(StepInterceptor.java:472)
	at net.thucydides.core.steps.StepInterceptor.runOrSkipMethod(StepInterceptor.java:211)
	at net.thucydides.core.steps.StepInterceptor.testStepResult(StepInterceptor.java:198)
	at net.thucydides.core.steps.StepInterceptor.intercept(StepInterceptor.java:86)
	at net.thucydides.core.steps.ProxyConfiguration$InterceptorDispatcher.intercept(ProxyConfiguration.java:51)
	at org.exito.com.tasks.AgregarAlCarritoYSeleccionarUnidades$ByteBuddy$HlcUq42u.performAs(Unknown Source)
	at net.serenitybdd.screenplay.Actor.performTask(Actor.java:296)
	at net.serenitybdd.screenplay.Actor.perform(Actor.java:275)
	at net.serenitybdd.screenplay.Actor.attemptsTo(Actor.java:215)
	at net.serenitybdd.screenplay.Actor.attemptsTo(Actor.java:222)
	at net.serenitybdd.screenplay.Actor.wasAbleTo(Actor.java:193)
	at stepdefinitions.seleccionarProductos.AgregarProductoAlCarritoYAgregarUnidades(seleccionarProductos.java:44)
	at âœ½.agregar el producto al carrito y agregar las unidades aleatoriamente(file:///C:/repos/ExitoScreenPlayDesktop/src/test/resources/features/seleccionarProductos.feature:17)
</failure>
  </testcase>
  <system-out><![CDATA[
Escenario: Seleccionar 5 productos y verificar en el carrito de compras nombre, cantidad, total ?[90m# src/test/resources/features/seleccionarProductos.feature:5?[0m
  ?[32mDado ?[0m?[32mque se ingresa a exito.com?[0m                                                               ?[90m# stepdefinitions.seleccionarProductos.queSeIngresaAExitoCom()?[0m
  ?[32mY ?[0m?[32mvacia el carrito?[0m                                                                            ?[90m# stepdefinitions.seleccionarProductos.vaciarElCarrito()?[0m
  ?[32mY ?[0m?[32mselecciona la categoria ?[0m?[32m?[1mTelevisores?[0m                                                         ?[90m# stepdefinitions.seleccionarProductos.SeleccionaCategoriaAleatoria(java.lang.String)?[0m
  ?[32mY ?[0m?[32mselecciona la subcategoria?[0m                                                                  ?[90m# stepdefinitions.seleccionarProductos.SeleccionaSubcategoriaAleatoria()?[0m
  ?[32mY ?[0m?[32mselecciona un producto aleatoriamente?[0m                                                       ?[90m# stepdefinitions.seleccionarProductos.SeleccionaUnProductoAleatoriamente()?[0m
  ?[32mY ?[0m?[32magregar el producto al carrito y agregar las unidades aleatoriamente?[0m                        ?[90m# stepdefinitions.seleccionarProductos.AgregarProductoAlCarritoYAgregarUnidades()?[0m
  ?[32mY ?[0m?[32mselecciona un producto aleatoriamente?[0m                                                       ?[90m# stepdefinitions.seleccionarProductos.SeleccionaUnProductoAleatoriamente()?[0m
  ?[32mY ?[0m?[32magregar el producto al carrito y agregar las unidades aleatoriamente?[0m                        ?[90m# stepdefinitions.seleccionarProductos.AgregarProductoAlCarritoYAgregarUnidades()?[0m
  ?[32mY ?[0m?[32mselecciona un producto aleatoriamente?[0m                                                       ?[90m# stepdefinitions.seleccionarProductos.SeleccionaUnProductoAleatoriamente()?[0m
  ?[32mY ?[0m?[32magregar el producto al carrito y agregar las unidades aleatoriamente?[0m                        ?[90m# stepdefinitions.seleccionarProductos.AgregarProductoAlCarritoYAgregarUnidades()?[0m
  ?[32mY ?[0m?[32mselecciona un producto aleatoriamente?[0m                                                       ?[90m# stepdefinitions.seleccionarProductos.SeleccionaUnProductoAleatoriamente()?[0m
  ?[31mY ?[0m?[31magregar el producto al carrito y agregar las unidades aleatoriamente?[0m                        ?[90m# stepdefinitions.seleccionarProductos.AgregarProductoAlCarritoYAgregarUnidades()?[0m
      ?[31mjava.lang.AssertionError: 
Expected: an element that is present
     but: no matching element found by [Boton Agregar al Carrito located with: //div[contains(@class,'productSummaryBuyButtonProductDetail')]//span[text()='Agregar']] was not present
	at net.serenitybdd.screenplay.ErrorTally.throwSummaryExceptionFrom(ErrorTally.java:38)
	at net.serenitybdd.screenplay.ErrorTally.reportAnyErrors(ErrorTally.java:32)
	at net.serenitybdd.screenplay.Actor.should(Actor.java:395)
	at net.serenitybdd.screenplay.waits.WaitUntilTargetIsReady.performAs(WaitUntilTargetIsReady.java:30)
	at net.serenitybdd.screenplay.waits.WaitUntilTargetIsReady$ByteBuddy$OenuH0um.performAs$accessor$i2r1xWGC(Unknown Source)
	at sun.reflect.GeneratedMethodAccessor56.invoke(Unknown Source)
	at sun.reflect.DelegatingMethodAccessorImpl.invoke(DelegatingMethodAccessorImpl.java:43)
	at java.lang.reflect.Method.invoke(Method.java:498)
	at net.thucydides.core.steps.StepInterceptor.invokeMethod(StepInterceptor.java:518)
	at net.thucydides.core.steps.StepInterceptor.runBaseObjectMethod(StepInterceptor.java:412)
	at net.thucydides.core.steps.StepInterceptor.intercept(StepInterceptor.java:84)
	at net.thucydides.core.steps.ProxyConfiguration$InterceptorDispatcher.intercept(ProxyConfiguration.java:51)
	at net.serenitybdd.screenplay.waits.WaitUntilTargetIsReady$ByteBuddy$OenuH0um.performAs(Unknown Source)
	at net.serenitybdd.screenplay.Actor.performTask(Actor.java:296)
	at net.serenitybdd.screenplay.Actor.perform(Actor.java:275)
	at net.serenitybdd.screenplay.Actor.performSilently(Actor.java:254)
	at net.serenitybdd.screenplay.Actor.attemptsTo(Actor.java:211)
	at net.serenitybdd.screenplay.Actor.attemptsTo(Actor.java:222)
	at org.exito.com.tasks.AgregarAlCarritoYSeleccionarUnidades.performAs(AgregarAlCarritoYSeleccionarUnidades.java:46)
	at org.exito.com.tasks.AgregarAlCarritoYSeleccionarUnidades$ByteBuddy$HlcUq42u.performAs$accessor$irEl6InC(Unknown Source)
	at sun.reflect.NativeMethodAccessorImpl.invoke0(Native Method)
	at sun.reflect.NativeMethodAccessorImpl.invoke(NativeMethodAccessorImpl.java:62)
	at sun.reflect.DelegatingMethodAccessorImpl.invoke(DelegatingMethodAccessorImpl.java:43)
	at java.lang.reflect.Method.invoke(Method.java:498)
	at net.thucydides.core.steps.StepInterceptor.invokeMethod(StepInterceptor.java:518)
	at net.thucydides.core.steps.StepInterceptor.executeTestStepMethod(StepInterceptor.java:498)
	at net.thucydides.core.steps.StepInterceptor.runTestStep(StepInterceptor.java:472)
	at net.thucydides.core.steps.StepInterceptor.runOrSkipMethod(StepInterceptor.java:211)
	at net.thucydides.core.steps.StepInterceptor.testStepResult(StepInterceptor.java:198)
	at net.thucydides.core.steps.StepInterceptor.intercept(StepInterceptor.java:86)
	at net.thucydides.core.steps.ProxyConfiguration$InterceptorDispatcher.intercept(ProxyConfiguration.java:51)
	at org.exito.com.tasks.AgregarAlCarritoYSeleccionarUnidades$ByteBuddy$HlcUq42u.performAs(Unknown Source)
	at net.serenitybdd.screenplay.Actor.performTask(Actor.java:296)
	at net.serenitybdd.screenplay.Actor.perform(Actor.java:275)
	at net.serenitybdd.screenplay.Actor.attemptsTo(Actor.java:215)
	at net.serenitybdd.screenplay.Actor.attemptsTo(Actor.java:222)
	at net.serenitybdd.screenplay.Actor.wasAbleTo(Actor.java:193)
	at stepdefinitions.seleccionarProductos.AgregarProductoAlCarritoYAgregarUnidades(seleccionarProductos.java:44)
	at Ã¢Å“Â½.agregar el producto al carrito y agregar las unidades aleatoriamente(file:///C:/repos/ExitoScreenPlayDesktop/src/test/resources/features/seleccionarProductos.feature:17)
?[0m
  ?[36mY ?[0m?[36mselecciona un producto aleatoriamente?[0m                                                       ?[90m# stepdefinitions.seleccionarProductos.SeleccionaUnProductoAleatoriamente()?[0m
  ?[36mY ?[0m?[36magregar el producto al carrito y agregar las unidades aleatoriamente?[0m                        ?[90m# stepdefinitions.seleccionarProductos.AgregarProductoAlCarritoYAgregarUnidades()?[0m
  ?[36mY ?[0m?[36mverifica los productos en el carrito de compras?[0m                                             ?[90m# stepdefinitions.seleccionarProductos.verificarProductosEnElCarritoDeComprassss()?[0m
]]></system-out>
  <system-err><![CDATA[[Test worker] INFO  - ----------------
- TEST STARTED -
----------------

Seleccionar 5 productos y verificar en el carrito de compras nombre, cantidad, total(ingresar-a-exito.com--seleccionar-categorÃ­a-y-subcategorÃ­as-y-escoger-10-productos-de-forma-aleatoria;seleccionar-5-productos-y-verificar-en-el-carrito-de-compras-nombre--cantidad--total)
----------------
[Test worker] INFO net.serenitybdd.core.webdriver.driverproviders.ChromeDriverProvider - Starting Chrome driver instance with capabilities:
[Test worker] INFO net.serenitybdd.core.webdriver.driverproviders.ChromeDriverProvider - Capabilities {acceptInsecureCerts: false, browserName: chrome, goog:chromeOptions: {args: [remote-allow-origins=*, --disable-geolocation, --incognito, --start-maximized], extensions: []}}
Starting ChromeDriver 114.0.5735.90 (386bc09e8f4f2e025eddae123f36f6263096ae49-refs/branch-heads/5735@{#1052}) on port 40420
Only local connections are allowed.
Please see https://chromedriver.chromium.org/security-considerations for suggestions on keeping ChromeDriver safe.
ChromeDriver was started successfully.
[1691243338.780][WARNING]: This version of ChromeDriver has not been tested with Chrome version 115.
ago 05, 2023 8:48:59 AM org.openqa.selenium.devtools.CdpVersionFinder findNearestMatch
ADVERTENCIA: Unable to find an exact match for CDP version 115, so returning the closest version found: 111
[Test worker] INFO org.exito.com.tasks.AbrirURL - Pagina https://www.exito.com/ cargada con exito.
[Test worker] INFO org.exito.com.tasks.SeleccionarCategoria - Categoria Televisores seleccionada
[Test worker] INFO org.exito.com.tasks.SeleccionarSubcategoria - Categoria aleatoria seleccionada
[Test worker] INFO org.exito.com.tasks.AgregarAlCarritoYSeleccionarUnidades - Se agregÃ³ correctamente el producto al carrito de compra
[Test worker] INFO org.exito.com.tasks.AgregarAlCarritoYSeleccionarUnidades - Se agregÃ³ correctamente el producto al carrito de compra
[Test worker] INFO org.exito.com.tasks.AgregarAlCarritoYSeleccionarUnidades - Se agregÃ³ correctamente el producto al carrito de compra
[Test worker] ERROR  - ---------------
- TEST FAILED -
---------------

Seleccionar 5 productos y verificar en el carrito de compras nombre, cantidad, total
---------------
[Test worker] ERROR  -     Test failed at step: Y agregar el producto al carrito y agregar las unidades aleatoriamente
[Test worker] ERROR  -     Expected: an element that is present but: no matching element found by [Boton Agregar al Carrito located with: //div[contains(@class,'productSummaryBuyButtonProductDetail')]//span[text()='Agregar']] was not present
]]></system-err>
</testsuite>
